21:21:02.467 [ERROR] [demo] 18 main - 我是debug信息
21:21:02.515 [WARN ] [demo] 19 main - hello warn slf4j
21:21:02.515 [INFO ] [demo] 20 main - hello info slf4j
21:21:02.515 [DEBUG] [demo] 21 main - hello debug slf4j
21:21:02.523 [ERROR] [Task] 23 run - QQThread0 error
21:21:02.524 [INFO ] [Task] 25 run - QQThread0 info
21:21:02.525 [ERROR] [Task] 23 run - QQThread4 error
21:21:02.525 [INFO ] [Task] 25 run - QQThread4 info
21:21:02.526 [ERROR] [Task] 23 run - QQThread2 error
21:21:02.527 [INFO ] [Task] 25 run - QQThread2 info
21:21:02.546 [ERROR] [Task] 23 run - QQThread1 error
21:21:02.547 [INFO ] [Task] 25 run - QQThread1 info
21:21:02.559 [ERROR] [Task] 23 run - QQThread3 error
21:21:02.560 [INFO ] [Task] 25 run - QQThread3 info
21:21:03.524 [ERROR] [Task] 23 run - QQThread0 error
21:21:03.524 [INFO ] [Task] 25 run - QQThread0 info
21:21:03.525 [ERROR] [Task] 23 run - QQThread4 error
21:21:03.525 [INFO ] [Task] 25 run - QQThread4 info
21:21:03.527 [ERROR] [Task] 23 run - QQThread2 error
21:21:03.527 [INFO ] [Task] 25 run - QQThread2 info
21:21:03.547 [ERROR] [Task] 23 run - QQThread1 error
21:21:03.547 [INFO ] [Task] 25 run - QQThread1 info
21:21:03.560 [ERROR] [Task] 23 run - QQThread3 error
21:21:03.560 [INFO ] [Task] 25 run - QQThread3 info
21:21:04.524 [ERROR] [Task] 23 run - QQThread0 error
21:21:04.524 [INFO ] [Task] 25 run - QQThread0 info
21:21:04.525 [ERROR] [Task] 23 run - QQThread4 error
21:21:04.525 [INFO ] [Task] 25 run - QQThread4 info
21:21:04.527 [ERROR] [Task] 23 run - QQThread2 error
21:21:04.527 [INFO ] [Task] 25 run - QQThread2 info
21:21:04.547 [ERROR] [Task] 23 run - QQThread1 error
21:21:04.547 [INFO ] [Task] 25 run - QQThread1 info
21:21:04.560 [ERROR] [Task] 23 run - QQThread3 error
21:21:04.560 [INFO ] [Task] 25 run - QQThread3 info
